生成启动时间为 5/22/2017 12:49:25 PM。
     1>项目“D:\gitRepository\TargetDetectionAndTracking\TargetDetectionAndTracking\TargetDetectionAndTracking.vcxproj”在节点 2 上(build 个目标)。
     1>InitializeBuildStatus:
         正在创建“Debug\TargetDetectionAndTracking.unsuccessfulbuild”，因为已指定“AlwaysCreate”。
       ClCompile:
         D:\Windows10_App\Microsoft Visual Studio 10.0\VC\bin\CL.exe /c /IC:\opencv\build\include /ZI /nologo /W3 /WX- /Od /Oy- /D WIN32 /D _DEBUG /D _CONSOLE /D _UNICODE /D UNICODE /Gm /EHsc /RTC1 /MDd /GS /fp:precise /Zc:wchar_t /Zc:forScope /Fo"Debug\\" /Fd"Debug\vc100.pdb" /Gd /TP /analyze- /errorReport:prompt TargetDetectionAndTracking.cpp
         TargetDetectionAndTracking.cpp
     1>d:\gitrepository\targetdetectionandtracking\targetdetectionandtracking\targetdetectionandtracking.cpp(59): warning C4996: 'sprintf': This function or variable may be unsafe. Consider using sprintf_s instead. To disable deprecation, use _CRT_SECURE_NO_WARNINGS. See online help for details.
                 d:\windows10_app\microsoft visual studio 10.0\vc\include\stdio.h(371) : 参见“sprintf”的声明
     1>d:\gitrepository\targetdetectionandtracking\targetdetectionandtracking\targetdetectionandtracking.cpp(85): warning C4244: “参数”: 从“double”转换到“int”，可能丢失数据
     1>d:\gitrepository\targetdetectionandtracking\targetdetectionandtracking\targetdetectionandtracking.cpp(100): warning C4244: “参数”: 从“double”转换到“int”，可能丢失数据
     1>d:\gitrepository\targetdetectionandtracking\targetdetectionandtracking\targetdetectionandtracking.cpp(115): warning C4244: “参数”: 从“double”转换到“int”，可能丢失数据
     1>d:\gitrepository\targetdetectionandtracking\targetdetectionandtracking\targetdetectionandtracking.cpp(241): warning C4996: 'freopen': This function or variable may be unsafe. Consider using freopen_s instead. To disable deprecation, use _CRT_SECURE_NO_WARNINGS. See online help for details.
                 d:\windows10_app\microsoft visual studio 10.0\vc\include\stdio.h(249) : 参见“freopen”的声明
     1>d:\gitrepository\targetdetectionandtracking\targetdetectionandtracking\targetdetectionandtracking.cpp(410): warning C4018: “<”: 有符号/无符号不匹配
     1>d:\gitrepository\targetdetectionandtracking\targetdetectionandtracking\targetdetectionandtracking.cpp(465): warning C4018: “<”: 有符号/无符号不匹配
     1>d:\gitrepository\targetdetectionandtracking\targetdetectionandtracking\targetdetectionandtracking.cpp(482): warning C4018: “<”: 有符号/无符号不匹配
     1>d:\gitrepository\targetdetectionandtracking\targetdetectionandtracking\targetdetectionandtracking.cpp(617): warning C4018: “<”: 有符号/无符号不匹配
     1>d:\gitrepository\targetdetectionandtracking\targetdetectionandtracking\targetdetectionandtracking.cpp(647): warning C4101: “imgName”: 未引用的局部变量
       ManifestResourceCompile:
         所有输出均为最新。
       Link:
         D:\Windows10_App\Microsoft Visual Studio 10.0\VC\bin\link.exe /ERRORREPORT:PROMPT /OUT:"D:\gitRepository\TargetDetectionAndTracking\TargetDetectionAndTracking\Debug\TargetDetectionAndTracking.exe" /INCREMENTAL /NOLOGO /LIBPATH:C:\opencv\build\x86\vc10\lib opencv_ml249d.lib opencv_calib3d249d.lib opencv_contrib249d.lib opencv_core249d.lib opencv_features2d249d.lib opencv_flann249d.lib opencv_gpu249d.lib opencv_highgui249d.lib opencv_imgproc249d.lib opencv_legacy249d.lib opencv_objdetect249d.lib opencv_ts249d.lib opencv_video249d.lib opencv_nonfree249d.lib opencv_ocl249d.lib opencv_photo249d.lib opencv_stitching249d.lib opencv_superres249d.lib opencv_videostab249d.lib opencv_objdetect249.lib opencv_ts249.lib opencv_video249.lib opencv_nonfree249.lib opencv_ocl249.lib opencv_photo249.lib opencv_stitching249.lib opencv_superres249.lib opencv_videostab249.lib opencv_calib3d249.lib opencv_contrib249.lib opencv_core249.lib opencv_features2d249.lib opencv_flann249.lib opencv_gpu249.lib opencv_highgui249.lib opencv_imgproc249.lib opencv_legacy249.lib opencv_ml249.lib kernel32.lib user32.lib gdi32.lib winspool.lib comdlg32.lib advapi32.lib shell32.lib ole32.lib oleaut32.lib uuid.lib odbc32.lib odbccp32.lib /MANIFEST /ManifestFile:"Debug\TargetDetectionAndTracking.exe.intermediate.manifest" /MANIFESTUAC:"level='asInvoker' uiAccess='false'" /DEBUG /PDB:"D:\gitRepository\TargetDetectionAndTracking\TargetDetectionAndTracking\Debug\TargetDetectionAndTracking.pdb" /SUBSYSTEM:CONSOLE /TLBID:1 /DYNAMICBASE /NXCOMPAT /IMPLIB:"D:\gitRepository\TargetDetectionAndTracking\TargetDetectionAndTracking\Debug\TargetDetectionAndTracking.lib" /MACHINE:X86 Debug\TargetDetectionAndTracking.exe.embed.manifest.res
         Debug\camshiftdemo.obj
         Debug\TargetDetectionAndTracking.obj
       Manifest:
         C:\Program Files (x86)\Microsoft SDKs\Windows\v7.0A\bin\mt.exe /nologo /verbose /out:"Debug\TargetDetectionAndTracking.exe.embed.manifest" /manifest Debug\TargetDetectionAndTracking.exe.intermediate.manifest
         所有输出均为最新。
       LinkEmbedManifest:
         所有输出均为最新。
         TargetDetectionAndTracking.vcxproj -> D:\gitRepository\TargetDetectionAndTracking\TargetDetectionAndTracking\Debug\TargetDetectionAndTracking.exe
       FinalizeBuildStatus:
         正在删除文件“Debug\TargetDetectionAndTracking.unsuccessfulbuild”。
         正在对“Debug\TargetDetectionAndTracking.lastbuildstate”执行 Touch 任务。
     1>已完成生成项目“D:\gitRepository\TargetDetectionAndTracking\TargetDetectionAndTracking\TargetDetectionAndTracking.vcxproj”(build 个目标)的操作。

生成成功。

已用时间 00:00:04.83
